# JRE version: Java(TM) SE Runtime Environment (8.0_291-b10) (build 1.8.0_291-b10)
# Java VM: Java HotSpot(TM) 64-Bit Server VM (25.291-b10 mixed mode windows-amd64 compressed oops)
Heap:
 PSYoungGen      total 150016K, used 18436K [0x00000000f5580000, 0x0000000100000000, 0x0000000100000000)
  eden space 125440K, 14% used [0x00000000f5580000,0x00000000f6781140,0x00000000fd000000)
  from space 24576K, 0% used [0x00000000fd000000,0x00000000fd000000,0x00000000fe800000)
  to   space 24576K, 0% used [0x00000000fe800000,0x00000000fe800000,0x0000000100000000)
 ParOldGen       total 80896K, used 62604K [0x00000000e0000000, 0x00000000e4f00000, 0x00000000f5580000)
  object space 80896K, 77% used [0x00000000e0000000,0x00000000e3d23138,0x00000000e4f00000)
 Metaspace       used 34636K, capacity 36413K, committed 36648K, reserved 1081344K
  class space    used 4370K, capacity 4771K, committed 4784K, reserved 1048576K
GC Heap History (10 events):
Event: 2.303 GC heap before
{Heap before GC invocations=7 (full 1):
 PSYoungGen      total 147456K, used 6926K [0x00000000f5580000, 0x00000000ff580000, 0x0000000100000000)
  eden space 131072K, 0% used [0x00000000f5580000,0x00000000f5580000,0x00000000fd580000)
  from space 16384K, 42% used [0x00000000fe580000,0x00000000fec43bc0,0x00000000ff580000)
  to   space 16384K, 0% used [0x00000000fd580000,0x00000000fd580000,0x00000000fe580000)
 ParOldGen       total 86016K, used 29895K [0x00000000e0000000, 0x00000000e5400000, 0x00000000f5580000)
  object space 86016K, 34% used [0x00000000e0000000,0x00000000e1d31d68,0x00000000e5400000)
 Metaspace       used 20287K, capacity 21153K, committed 21296K, reserved 1069056K
  class space    used 2389K, capacity 2608K, committed 2608K, reserved 1048576K
Event: 2.350 GC heap after
Heap after GC invocations=7 (full 1):
 PSYoungGen      total 147456K, used 0K [0x00000000f5580000, 0x00000000ff580000, 0x0000000100000000)
  eden space 131072K, 0% used [0x00000000f5580000,0x00000000f5580000,0x00000000fd580000)
  from space 16384K, 0% used [0x00000000fe580000,0x00000000fe580000,0x00000000ff580000)
  to   space 16384K, 0% used [0x00000000fd580000,0x00000000fd580000,0x00000000fe580000)
 ParOldGen       total 80896K, used 23563K [0x00000000e0000000, 0x00000000e4f00000, 0x00000000f5580000)
  object space 80896K, 29% used [0x00000000e0000000,0x00000000e1702e18,0x00000000e4f00000)
 Metaspace       used 20287K, capacity 21153K, committed 21296K, reserved 1069056K
  class space    used 2389K, capacity 2608K, committed 2608K, reserved 1048576K
}
Event: 3.494 GC heap before
{Heap before GC invocations=8 (full 1):
 PSYoungGen      total 147456K, used 131072K [0x00000000f5580000, 0x00000000ff580000, 0x0000000100000000)
  eden space 131072K, 100% used [0x00000000f5580000,0x00000000fd580000,0x00000000fd580000)
  from space 16384K, 0% used [0x00000000fe580000,0x00000000fe580000,0x00000000ff580000)
  to   space 16384K, 0% used [0x00000000fd580000,0x00000000fd580000,0x00000000fe580000)
 ParOldGen       total 80896K, used 23563K [0x00000000e0000000, 0x00000000e4f00000, 0x00000000f5580000)
  object space 80896K, 29% used [0x00000000e0000000,0x00000000e1702e18,0x00000000e4f00000)
 Metaspace       used 26453K, capacity 27437K, committed 27696K, reserved 1073152K
  class space    used 3146K, capacity 3371K, committed 3376K, reserved 1048576K
Event: 3.511 GC heap after
Heap after GC invocations=8 (full 1):
 PSYoungGen      total 147456K, used 16369K [0x00000000f5580000, 0x0000000100000000, 0x0000000100000000)
  eden space 131072K, 0% used [0x00000000f5580000,0x00000000f5580000,0x00000000fd580000)
  from space 16384K, 99% used [0x00000000fd580000,0x00000000fe57c750,0x00000000fe580000)
  to   space 18944K, 0% used [0x00000000fed80000,0x00000000fed80000,0x0000000100000000)
 ParOldGen       total 80896K, used 24402K [0x00000000e0000000, 0x00000000e4f00000, 0x00000000f5580000)
  object space 80896K, 30% used [0x00000000e0000000,0x00000000e17d4860,0x00000000e4f00000)
 Metaspace       used 26453K, capacity 27437K, committed 27696K, reserved 1073152K
  class space    used 3146K, capacity 3371K, committed 3376K, reserved 1048576K
}
Event: 5.068 GC heap before
{Heap before GC invocations=9 (full 1):
 PSYoungGen      total 147456K, used 147441K [0x00000000f5580000, 0x0000000100000000, 0x0000000100000000)
  eden space 131072K, 100% used [0x00000000f5580000,0x00000000fd580000,0x00000000fd580000)
  from space 16384K, 99% used [0x00000000fd580000,0x00000000fe57c750,0x00000000fe580000)
  to   space 18944K, 0% used [0x00000000fed80000,0x00000000fed80000,0x0000000100000000)
 ParOldGen       total 80896K, used 24402K [0x00000000e0000000, 0x00000000e4f00000, 0x00000000f5580000)
  object space 80896K, 30% used [0x00000000e0000000,0x00000000e17d4860,0x00000000e4f00000)
 Metaspace       used 31447K, capacity 32937K, committed 33200K, reserved 1079296K
  class space    used 3871K, capacity 4231K, committed 4272K, reserved 1048576K
Event: 5.084 GC heap after
Heap after GC invocations=9 (full 1):
 PSYoungGen      total 144384K, used 18926K [0x00000000f5580000, 0x0000000100000000, 0x0000000100000000)
  eden space 125440K, 0% used [0x00000000f5580000,0x00000000f5580000,0x00000000fd000000)
  from space 18944K, 99% used [0x00000000fed80000,0x00000000ffffb918,0x0000000100000000)
  to   space 24576K, 0% used [0x00000000fd000000,0x00000000fd000000,0x00000000fe800000)
 ParOldGen       total 80896K, used 31761K [0x00000000e0000000, 0x00000000e4f00000, 0x00000000f5580000)
  object space 80896K, 39% used [0x00000000e0000000,0x00000000e1f045b8,0x00000000e4f00000)
 Metaspace       used 31447K, capacity 32937K, committed 33200K, reserved 1079296K
  class space    used 3871K, capacity 4231K, committed 4272K, reserved 1048576K
}
Event: 6.583 GC heap before
{Heap before GC invocations=10 (full 1):
 PSYoungGen      total 144384K, used 104454K [0x00000000f5580000, 0x0000000100000000, 0x0000000100000000)
  eden space 125440K, 68% used [0x00000000f5580000,0x00000000fa906098,0x00000000fd000000)
  from space 18944K, 99% used [0x00000000fed80000,0x00000000ffffb918,0x0000000100000000)
  to   space 24576K, 0% used [0x00000000fd000000,0x00000000fd000000,0x00000000fe800000)
 ParOldGen       total 80896K, used 31761K [0x00000000e0000000, 0x00000000e4f00000, 0x00000000f5580000)
  object space 80896K, 39% used [0x00000000e0000000,0x00000000e1f045b8,0x00000000e4f00000)
 Metaspace       used 33793K, capacity 35355K, committed 35496K, reserved 1081344K
  class space    used 4231K, capacity 4590K, committed 4656K, reserved 1048576K
Event: 6.621 GC heap after
Heap after GC invocations=10 (full 1):
 PSYoungGen      total 150016K, used 24548K [0x00000000f5580000, 0x0000000100000000, 0x0000000100000000)
  eden space 125440K, 0% used [0x00000000f5580000,0x00000000f5580000,0x00000000fd000000)
  from space 24576K, 99% used [0x00000000fd000000,0x00000000fe7f90b0,0x00000000fe800000)
  to   space 24576K, 0% used [0x00000000fe800000,0x00000000fe800000,0x0000000100000000)
 ParOldGen       total 80896K, used 58225K [0x00000000e0000000, 0x00000000e4f00000, 0x00000000f5580000)
  object space 80896K, 71% used [0x00000000e0000000,0x00000000e38dc7b0,0x00000000e4f00000)
 Metaspace       used 33793K, capacity 35355K, committed 35496K, reserved 1081344K
  class space    used 4231K, capacity 4590K, committed 4656K, reserved 1048576K
}
Event: 6.621 GC heap before
{Heap before GC invocations=11 (full 2):
 PSYoungGen      total 150016K, used 24548K [0x00000000f5580000, 0x0000000100000000, 0x0000000100000000)
  eden space 125440K, 0% used [0x00000000f5580000,0x00000000f5580000,0x00000000fd000000)
  from space 24576K, 99% used [0x00000000fd000000,0x00000000fe7f90b0,0x00000000fe800000)
  to   space 24576K, 0% used [0x00000000fe800000,0x00000000fe800000,0x0000000100000000)
 ParOldGen       total 80896K, used 58225K [0x00000000e0000000, 0x00000000e4f00000, 0x00000000f5580000)
  object space 80896K, 71% used [0x00000000e0000000,0x00000000e38dc7b0,0x00000000e4f00000)
 Metaspace       used 33793K, capacity 35355K, committed 35496K, reserved 1081344K
  class space    used 4231K, capacity 4590K, committed 4656K, reserved 1048576K
Event: 6.784 GC heap after
Heap after GC invocations=11 (full 2):
 PSYoungGen      total 150016K, used 0K [0x00000000f5580000, 0x0000000100000000, 0x0000000100000000)
  eden space 125440K, 0% used [0x00000000f5580000,0x00000000f5580000,0x00000000fd000000)
  from space 24576K, 0% used [0x00000000fd000000,0x00000000fd000000,0x00000000fe800000)
  to   space 24576K, 0% used [0x00000000fe800000,0x00000000fe800000,0x0000000100000000)
 ParOldGen       total 80896K, used 62604K [0x00000000e0000000, 0x00000000e4f00000, 0x00000000f5580000)
  object space 80896K, 77% used [0x00000000e0000000,0x00000000e3d23138,0x00000000e4f00000)
 Metaspace       used 33793K, capacity 35355K, committed 35496K, reserved 1081344K
  class space    used 4231K, capacity 4590K, committed 4656K, reserved 1048576K
}

