# JRE version: Java(TM) SE Runtime Environment (8.0_291-b10) (build 1.8.0_291-b10)
# Java VM: Java HotSpot(TM) 64-Bit Server VM (25.291-b10 mixed mode windows-amd64 compressed oops)
Heap:
 PSYoungGen      total 144896K, used 94615K [0x00000000f5580000, 0x0000000100000000, 0x0000000100000000)
  eden space 131072K, 61% used [0x00000000f5580000,0x00000000fa466118,0x00000000fd580000)
  from space 13824K, 99% used [0x00000000fd580000,0x00000000fe2ffe88,0x00000000fe300000)
  to   space 17408K, 0% used [0x00000000fef00000,0x00000000fef00000,0x0000000100000000)
 ParOldGen       total 76800K, used 22888K [0x00000000e0000000, 0x00000000e4b00000, 0x00000000f5580000)
  object space 76800K, 29% used [0x00000000e0000000,0x00000000e165a360,0x00000000e4b00000)
 Metaspace       used 29421K, capacity 30568K, committed 30848K, reserved 1077248K
  class space    used 3571K, capacity 3858K, committed 3968K, reserved 1048576K
GC Heap History (10 events):
Event: 1.504 GC heap before
{Heap before GC invocations=4 (full 0):
 PSYoungGen      total 37888K, used 37860K [0x00000000f5580000, 0x00000000f9f80000, 0x0000000100000000)
  eden space 32768K, 100% used [0x00000000f5580000,0x00000000f7580000,0x00000000f7580000)
  from space 5120K, 99% used [0x00000000f7580000,0x00000000f7a79390,0x00000000f7a80000)
  to   space 5120K, 0% used [0x00000000f9a80000,0x00000000f9a80000,0x00000000f9f80000)
 ParOldGen       total 86016K, used 12459K [0x00000000e0000000, 0x00000000e5400000, 0x00000000f5580000)
  object space 86016K, 14% used [0x00000000e0000000,0x00000000e0c2adb0,0x00000000e5400000)
 Metaspace       used 16475K, capacity 16694K, committed 16768K, reserved 1064960K
  class space    used 1822K, capacity 1911K, committed 1920K, reserved 1048576K
Event: 1.509 GC heap after
Heap after GC invocations=4 (full 0):
 PSYoungGen      total 70656K, used 5092K [0x00000000f5580000, 0x00000000f9f80000, 0x0000000100000000)
  eden space 65536K, 0% used [0x00000000f5580000,0x00000000f5580000,0x00000000f9580000)
  from space 5120K, 99% used [0x00000000f9a80000,0x00000000f9f79390,0x00000000f9f80000)
  to   space 5120K, 0% used [0x00000000f9580000,0x00000000f9580000,0x00000000f9a80000)
 ParOldGen       total 86016K, used 15224K [0x00000000e0000000, 0x00000000e5400000, 0x00000000f5580000)
  object space 86016K, 17% used [0x00000000e0000000,0x00000000e0ede2b0,0x00000000e5400000)
 Metaspace       used 16475K, capacity 16694K, committed 16768K, reserved 1064960K
  class space    used 1822K, capacity 1911K, committed 1920K, reserved 1048576K
}
Event: 2.019 GC heap before
{Heap before GC invocations=5 (full 0):
 PSYoungGen      total 70656K, used 70628K [0x00000000f5580000, 0x00000000f9f80000, 0x0000000100000000)
  eden space 65536K, 100% used [0x00000000f5580000,0x00000000f9580000,0x00000000f9580000)
  from space 5120K, 99% used [0x00000000f9a80000,0x00000000f9f79390,0x00000000f9f80000)
  to   space 5120K, 0% used [0x00000000f9580000,0x00000000f9580000,0x00000000f9a80000)
 ParOldGen       total 86016K, used 15224K [0x00000000e0000000, 0x00000000e5400000, 0x00000000f5580000)
  object space 86016K, 17% used [0x00000000e0000000,0x00000000e0ede2b0,0x00000000e5400000)
 Metaspace       used 19402K, capacity 19912K, committed 20096K, reserved 1067008K
  class space    used 2222K, capacity 2386K, committed 2432K, reserved 1048576K
Event: 2.028 GC heap after
Heap after GC invocations=5 (full 0):
 PSYoungGen      total 70656K, used 5092K [0x00000000f5580000, 0x00000000ff080000, 0x0000000100000000)
  eden space 65536K, 0% used [0x00000000f5580000,0x00000000f5580000,0x00000000f9580000)
  from space 5120K, 99% used [0x00000000f9580000,0x00000000f9a792b8,0x00000000f9a80000)
  to   space 13824K, 0% used [0x00000000fe300000,0x00000000fe300000,0x00000000ff080000)
 ParOldGen       total 86016K, used 23370K [0x00000000e0000000, 0x00000000e5400000, 0x00000000f5580000)
  object space 86016K, 27% used [0x00000000e0000000,0x00000000e16d29c8,0x00000000e5400000)
 Metaspace       used 19402K, capacity 19912K, committed 20096K, reserved 1067008K
  class space    used 2222K, capacity 2386K, committed 2432K, reserved 1048576K
}
Event: 2.196 GC heap before
{Heap before GC invocations=6 (full 0):
 PSYoungGen      total 70656K, used 22117K [0x00000000f5580000, 0x00000000ff080000, 0x0000000100000000)
  eden space 65536K, 25% used [0x00000000f5580000,0x00000000f66203e8,0x00000000f9580000)
  from space 5120K, 99% used [0x00000000f9580000,0x00000000f9a792b8,0x00000000f9a80000)
  to   space 13824K, 0% used [0x00000000fe300000,0x00000000fe300000,0x00000000ff080000)
 ParOldGen       total 86016K, used 23370K [0x00000000e0000000, 0x00000000e5400000, 0x00000000f5580000)
  object space 86016K, 27% used [0x00000000e0000000,0x00000000e16d29c8,0x00000000e5400000)
 Metaspace       used 20288K, capacity 21162K, committed 21296K, reserved 1069056K
  class space    used 2390K, capacity 2611K, committed 2688K, reserved 1048576K
Event: 2.204 GC heap after
Heap after GC invocations=6 (full 0):
 PSYoungGen      total 144896K, used 6894K [0x00000000f5580000, 0x00000000ff080000, 0x0000000100000000)
  eden space 131072K, 0% used [0x00000000f5580000,0x00000000f5580000,0x00000000fd580000)
  from space 13824K, 49% used [0x00000000fe300000,0x00000000fe9bbbc0,0x00000000ff080000)
  to   space 13824K, 0% used [0x00000000fd580000,0x00000000fd580000,0x00000000fe300000)
 ParOldGen       total 86016K, used 23378K [0x00000000e0000000, 0x00000000e5400000, 0x00000000f5580000)
  object space 86016K, 27% used [0x00000000e0000000,0x00000000e16d49c8,0x00000000e5400000)
 Metaspace       used 20288K, capacity 21162K, committed 21296K, reserved 1069056K
  class space    used 2390K, capacity 2611K, committed 2688K, reserved 1048576K
}
Event: 2.204 GC heap before
{Heap before GC invocations=7 (full 1):
 PSYoungGen      total 144896K, used 6894K [0x00000000f5580000, 0x00000000ff080000, 0x0000000100000000)
  eden space 131072K, 0% used [0x00000000f5580000,0x00000000f5580000,0x00000000fd580000)
  from space 13824K, 49% used [0x00000000fe300000,0x00000000fe9bbbc0,0x00000000ff080000)
  to   space 13824K, 0% used [0x00000000fd580000,0x00000000fd580000,0x00000000fe300000)
 ParOldGen       total 86016K, used 23378K [0x00000000e0000000, 0x00000000e5400000, 0x00000000f5580000)
  object space 86016K, 27% used [0x00000000e0000000,0x00000000e16d49c8,0x00000000e5400000)
 Metaspace       used 20288K, capacity 21162K, committed 21296K, reserved 1069056K
  class space    used 2390K, capacity 2611K, committed 2688K, reserved 1048576K
Event: 2.250 GC heap after
Heap after GC invocations=7 (full 1):
 PSYoungGen      total 144896K, used 0K [0x00000000f5580000, 0x00000000ff080000, 0x0000000100000000)
  eden space 131072K, 0% used [0x00000000f5580000,0x00000000f5580000,0x00000000fd580000)
  from space 13824K, 0% used [0x00000000fe300000,0x00000000fe300000,0x00000000ff080000)
  to   space 13824K, 0% used [0x00000000fd580000,0x00000000fd580000,0x00000000fe300000)
 ParOldGen       total 76800K, used 19528K [0x00000000e0000000, 0x00000000e4b00000, 0x00000000f5580000)
  object space 76800K, 25% used [0x00000000e0000000,0x00000000e13120a8,0x00000000e4b00000)
 Metaspace       used 20288K, capacity 21162K, committed 21296K, reserved 1069056K
  class space    used 2390K, capacity 2611K, committed 2688K, reserved 1048576K
}
Event: 3.290 GC heap before
{Heap before GC invocations=8 (full 1):
 PSYoungGen      total 144896K, used 131072K [0x00000000f5580000, 0x00000000ff080000, 0x0000000100000000)
  eden space 131072K, 100% used [0x00000000f5580000,0x00000000fd580000,0x00000000fd580000)
  from space 13824K, 0% used [0x00000000fe300000,0x00000000fe300000,0x00000000ff080000)
  to   space 13824K, 0% used [0x00000000fd580000,0x00000000fd580000,0x00000000fe300000)
 ParOldGen       total 76800K, used 19528K [0x00000000e0000000, 0x00000000e4b00000, 0x00000000f5580000)
  object space 76800K, 25% used [0x00000000e0000000,0x00000000e13120a8,0x00000000e4b00000)
 Metaspace       used 26441K, capacity 27436K, committed 27776K, reserved 1073152K
  class space    used 3145K, capacity 3370K, committed 3456K, reserved 1048576K
Event: 3.302 GC heap after
Heap after GC invocations=8 (full 1):
 PSYoungGen      total 144896K, used 13823K [0x00000000f5580000, 0x0000000100000000, 0x0000000100000000)
  eden space 131072K, 0% used [0x00000000f5580000,0x00000000f5580000,0x00000000fd580000)
  from space 13824K, 99% used [0x00000000fd580000,0x00000000fe2ffe88,0x00000000fe300000)
  to   space 17408K, 0% used [0x00000000fef00000,0x00000000fef00000,0x0000000100000000)
 ParOldGen       total 76800K, used 22888K [0x00000000e0000000, 0x00000000e4b00000, 0x00000000f5580000)
  object space 76800K, 29% used [0x00000000e0000000,0x00000000e165a360,0x00000000e4b00000)
 Metaspace       used 26441K, capacity 27436K, committed 27776K, reserved 1073152K
  class space    used 3145K, capacity 3370K, committed 3456K, reserved 1048576K
}

