# JRE version: Java(TM) SE Runtime Environment (8.0_291-b10) (build 1.8.0_291-b10)
# Java VM: Java HotSpot(TM) 64-Bit Server VM (25.291-b10 mixed mode windows-amd64 compressed oops)
Heap:
 PSYoungGen      total 146432K, used 55620K [0x00000000f5580000, 0x0000000100000000, 0x0000000100000000)
  eden space 118272K, 47% used [0x00000000f5580000,0x00000000f8bd11d0,0x00000000fc900000)
  from space 28160K, 0% used [0x00000000fc900000,0x00000000fc900000,0x00000000fe480000)
  to   space 28160K, 0% used [0x00000000fe480000,0x00000000fe480000,0x0000000100000000)
 ParOldGen       total 151040K, used 61900K [0x00000000e0000000, 0x00000000e9380000, 0x00000000f5580000)
  object space 151040K, 40% used [0x00000000e0000000,0x00000000e3c73180,0x00000000e9380000)
 Metaspace       used 35794K, capacity 37539K, committed 37672K, reserved 1081344K
  class space    used 4588K, capacity 4974K, committed 5040K, reserved 1048576K
GC Heap History (10 events):
Event: 2.233 GC heap before
{Heap before GC invocations=7 (full 1):
 PSYoungGen      total 151552K, used 6804K [0x00000000f5580000, 0x0000000100000000, 0x0000000100000000)
  eden space 129536K, 0% used [0x00000000f5580000,0x00000000f5580000,0x00000000fd400000)
  from space 22016K, 30% used [0x00000000fea80000,0x00000000ff1252c8,0x0000000100000000)
  to   space 22528K, 0% used [0x00000000fd400000,0x00000000fd400000,0x00000000fea00000)
 ParOldGen       total 86016K, used 42790K [0x00000000e0000000, 0x00000000e5400000, 0x00000000f5580000)
  object space 86016K, 49% used [0x00000000e0000000,0x00000000e29c98b0,0x00000000e5400000)
 Metaspace       used 20279K, capacity 21153K, committed 21296K, reserved 1069056K
  class space    used 2389K, capacity 2608K, committed 2608K, reserved 1048576K
Event: 2.275 GC heap after
Heap after GC invocations=7 (full 1):
 PSYoungGen      total 151552K, used 0K [0x00000000f5580000, 0x0000000100000000, 0x0000000100000000)
  eden space 129536K, 0% used [0x00000000f5580000,0x00000000f5580000,0x00000000fd400000)
  from space 22016K, 0% used [0x00000000fea80000,0x00000000fea80000,0x0000000100000000)
  to   space 22528K, 0% used [0x00000000fd400000,0x00000000fd400000,0x00000000fea00000)
 ParOldGen       total 81920K, used 18746K [0x00000000e0000000, 0x00000000e5000000, 0x00000000f5580000)
  object space 81920K, 22% used [0x00000000e0000000,0x00000000e124e988,0x00000000e5000000)
 Metaspace       used 20279K, capacity 21153K, committed 21296K, reserved 1069056K
  class space    used 2389K, capacity 2608K, committed 2608K, reserved 1048576K
}
Event: 3.421 GC heap before
{Heap before GC invocations=8 (full 1):
 PSYoungGen      total 151552K, used 129536K [0x00000000f5580000, 0x0000000100000000, 0x0000000100000000)
  eden space 129536K, 100% used [0x00000000f5580000,0x00000000fd400000,0x00000000fd400000)
  from space 22016K, 0% used [0x00000000fea80000,0x00000000fea80000,0x0000000100000000)
  to   space 22528K, 0% used [0x00000000fd400000,0x00000000fd400000,0x00000000fea00000)
 ParOldGen       total 81920K, used 18746K [0x00000000e0000000, 0x00000000e5000000, 0x00000000f5580000)
  object space 81920K, 22% used [0x00000000e0000000,0x00000000e124e988,0x00000000e5000000)
 Metaspace       used 26425K, capacity 27431K, committed 27696K, reserved 1073152K
  class space    used 3144K, capacity 3370K, committed 3376K, reserved 1048576K
Event: 3.434 GC heap after
Heap after GC invocations=8 (full 1):
 PSYoungGen      total 146944K, used 17314K [0x00000000f5580000, 0x0000000100000000, 0x0000000100000000)
  eden space 129536K, 0% used [0x00000000f5580000,0x00000000f5580000,0x00000000fd400000)
  from space 17408K, 99% used [0x00000000fd400000,0x00000000fe4e88a0,0x00000000fe500000)
  to   space 23552K, 0% used [0x00000000fe900000,0x00000000fe900000,0x0000000100000000)
 ParOldGen       total 81920K, used 18754K [0x00000000e0000000, 0x00000000e5000000, 0x00000000f5580000)
  object space 81920K, 22% used [0x00000000e0000000,0x00000000e1250988,0x00000000e5000000)
 Metaspace       used 26425K, capacity 27431K, committed 27696K, reserved 1073152K
  class space    used 3144K, capacity 3370K, committed 3376K, reserved 1048576K
}
Event: 5.597 GC heap before
{Heap before GC invocations=9 (full 1):
 PSYoungGen      total 146944K, used 146850K [0x00000000f5580000, 0x0000000100000000, 0x0000000100000000)
  eden space 129536K, 100% used [0x00000000f5580000,0x00000000fd400000,0x00000000fd400000)
  from space 17408K, 99% used [0x00000000fd400000,0x00000000fe4e88a0,0x00000000fe500000)
  to   space 23552K, 0% used [0x00000000fe900000,0x00000000fe900000,0x0000000100000000)
 ParOldGen       total 81920K, used 18754K [0x00000000e0000000, 0x00000000e5000000, 0x00000000f5580000)
  object space 81920K, 22% used [0x00000000e0000000,0x00000000e1250988,0x00000000e5000000)
 Metaspace       used 31535K, capacity 33057K, committed 33200K, reserved 1079296K
  class space    used 3879K, capacity 4231K, committed 4272K, reserved 1048576K
Event: 5.608 GC heap after
Heap after GC invocations=9 (full 1):
 PSYoungGen      total 141824K, used 23550K [0x00000000f5580000, 0x0000000100000000, 0x0000000100000000)
  eden space 118272K, 0% used [0x00000000f5580000,0x00000000f5580000,0x00000000fc900000)
  from space 23552K, 99% used [0x00000000fe900000,0x00000000fffff830,0x0000000100000000)
  to   space 28160K, 0% used [0x00000000fc900000,0x00000000fc900000,0x00000000fe480000)
 ParOldGen       total 81920K, used 21166K [0x00000000e0000000, 0x00000000e5000000, 0x00000000f5580000)
  object space 81920K, 25% used [0x00000000e0000000,0x00000000e14abbd0,0x00000000e5000000)
 Metaspace       used 31535K, capacity 33057K, committed 33200K, reserved 1079296K
  class space    used 3879K, capacity 4231K, committed 4272K, reserved 1048576K
}
Event: 7.032 GC heap before
{Heap before GC invocations=10 (full 1):
 PSYoungGen      total 141824K, used 107109K [0x00000000f5580000, 0x0000000100000000, 0x0000000100000000)
  eden space 118272K, 70% used [0x00000000f5580000,0x00000000fa719f50,0x00000000fc900000)
  from space 23552K, 99% used [0x00000000fe900000,0x00000000fffff830,0x0000000100000000)
  to   space 28160K, 0% used [0x00000000fc900000,0x00000000fc900000,0x00000000fe480000)
 ParOldGen       total 81920K, used 21166K [0x00000000e0000000, 0x00000000e5000000, 0x00000000f5580000)
  object space 81920K, 25% used [0x00000000e0000000,0x00000000e14abbd0,0x00000000e5000000)
 Metaspace       used 33772K, capacity 35355K, committed 35496K, reserved 1081344K
  class space    used 4229K, capacity 4590K, committed 4656K, reserved 1048576K
Event: 7.051 GC heap after
Heap after GC invocations=10 (full 1):
 PSYoungGen      total 146432K, used 28132K [0x00000000f5580000, 0x0000000100000000, 0x0000000100000000)
  eden space 118272K, 0% used [0x00000000f5580000,0x00000000f5580000,0x00000000fc900000)
  from space 28160K, 99% used [0x00000000fc900000,0x00000000fe4790a0,0x00000000fe480000)
  to   space 28160K, 0% used [0x00000000fe480000,0x00000000fe480000,0x0000000100000000)
 ParOldGen       total 81920K, used 37162K [0x00000000e0000000, 0x00000000e5000000, 0x00000000f5580000)
  object space 81920K, 45% used [0x00000000e0000000,0x00000000e244a850,0x00000000e5000000)
 Metaspace       used 33772K, capacity 35355K, committed 35496K, reserved 1081344K
  class space    used 4229K, capacity 4590K, committed 4656K, reserved 1048576K
}
Event: 7.051 GC heap before
{Heap before GC invocations=11 (full 2):
 PSYoungGen      total 146432K, used 28132K [0x00000000f5580000, 0x0000000100000000, 0x0000000100000000)
  eden space 118272K, 0% used [0x00000000f5580000,0x00000000f5580000,0x00000000fc900000)
  from space 28160K, 99% used [0x00000000fc900000,0x00000000fe4790a0,0x00000000fe480000)
  to   space 28160K, 0% used [0x00000000fe480000,0x00000000fe480000,0x0000000100000000)
 ParOldGen       total 81920K, used 37162K [0x00000000e0000000, 0x00000000e5000000, 0x00000000f5580000)
  object space 81920K, 45% used [0x00000000e0000000,0x00000000e244a850,0x00000000e5000000)
 Metaspace       used 33772K, capacity 35355K, committed 35496K, reserved 1081344K
  class space    used 4229K, capacity 4590K, committed 4656K, reserved 1048576K
Event: 7.169 GC heap after
Heap after GC invocations=11 (full 2):
 PSYoungGen      total 146432K, used 0K [0x00000000f5580000, 0x0000000100000000, 0x0000000100000000)
  eden space 118272K, 0% used [0x00000000f5580000,0x00000000f5580000,0x00000000fc900000)
  from space 28160K, 0% used [0x00000000fc900000,0x00000000fc900000,0x00000000fe480000)
  to   space 28160K, 0% used [0x00000000fe480000,0x00000000fe480000,0x0000000100000000)
 ParOldGen       total 151040K, used 61900K [0x00000000e0000000, 0x00000000e9380000, 0x00000000f5580000)
  object space 151040K, 40% used [0x00000000e0000000,0x00000000e3c73180,0x00000000e9380000)
 Metaspace       used 33772K, capacity 35355K, committed 35496K, reserved 1081344K
  class space    used 4229K, capacity 4590K, committed 4656K, reserved 1048576K
}

