# JRE version: Java(TM) SE Runtime Environment (8.0_291-b10) (build 1.8.0_291-b10)
# Java VM: Java HotSpot(TM) 64-Bit Server VM (25.291-b10 mixed mode windows-amd64 compressed oops)
Heap:
 PSYoungGen      total 144896K, used 92312K [0x00000000f5580000, 0x0000000100000000, 0x0000000100000000)
  eden space 131072K, 59% used [0x00000000f5580000,0x00000000fa226520,0x00000000fd580000)
  from space 13824K, 99% used [0x00000000fd580000,0x00000000fe2ffc00,0x00000000fe300000)
  to   space 16896K, 0% used [0x00000000fef80000,0x00000000fef80000,0x0000000100000000)
 ParOldGen       total 79872K, used 25763K [0x00000000e0000000, 0x00000000e4e00000, 0x00000000f5580000)
  object space 79872K, 32% used [0x00000000e0000000,0x00000000e1928e10,0x00000000e4e00000)
 Metaspace       used 29416K, capacity 30569K, committed 30768K, reserved 1077248K
  class space    used 3570K, capacity 3859K, committed 3888K, reserved 1048576K
GC Heap History (10 events):
Event: 1.449 GC heap before
{Heap before GC invocations=4 (full 0):
 PSYoungGen      total 37888K, used 37860K [0x00000000f5580000, 0x00000000f9f80000, 0x0000000100000000)
  eden space 32768K, 100% used [0x00000000f5580000,0x00000000f7580000,0x00000000f7580000)
  from space 5120K, 99% used [0x00000000f7580000,0x00000000f7a79390,0x00000000f7a80000)
  to   space 5120K, 0% used [0x00000000f9a80000,0x00000000f9a80000,0x00000000f9f80000)
 ParOldGen       total 86016K, used 12538K [0x00000000e0000000, 0x00000000e5400000, 0x00000000f5580000)
  object space 86016K, 14% used [0x00000000e0000000,0x00000000e0c3e890,0x00000000e5400000)
 Metaspace       used 16470K, capacity 16694K, committed 16768K, reserved 1064960K
  class space    used 1821K, capacity 1911K, committed 1920K, reserved 1048576K
Event: 1.454 GC heap after
Heap after GC invocations=4 (full 0):
 PSYoungGen      total 70656K, used 5110K [0x00000000f5580000, 0x00000000f9f80000, 0x0000000100000000)
  eden space 65536K, 0% used [0x00000000f5580000,0x00000000f5580000,0x00000000f9580000)
  from space 5120K, 99% used [0x00000000f9a80000,0x00000000f9f7d9b8,0x00000000f9f80000)
  to   space 5120K, 0% used [0x00000000f9580000,0x00000000f9580000,0x00000000f9a80000)
 ParOldGen       total 86016K, used 15372K [0x00000000e0000000, 0x00000000e5400000, 0x00000000f5580000)
  object space 86016K, 17% used [0x00000000e0000000,0x00000000e0f03240,0x00000000e5400000)
 Metaspace       used 16470K, capacity 16694K, committed 16768K, reserved 1064960K
  class space    used 1821K, capacity 1911K, committed 1920K, reserved 1048576K
}
Event: 1.947 GC heap before
{Heap before GC invocations=5 (full 0):
 PSYoungGen      total 70656K, used 70646K [0x00000000f5580000, 0x00000000f9f80000, 0x0000000100000000)
  eden space 65536K, 100% used [0x00000000f5580000,0x00000000f9580000,0x00000000f9580000)
  from space 5120K, 99% used [0x00000000f9a80000,0x00000000f9f7d9b8,0x00000000f9f80000)
  to   space 5120K, 0% used [0x00000000f9580000,0x00000000f9580000,0x00000000f9a80000)
 ParOldGen       total 86016K, used 15372K [0x00000000e0000000, 0x00000000e5400000, 0x00000000f5580000)
  object space 86016K, 17% used [0x00000000e0000000,0x00000000e0f03240,0x00000000e5400000)
 Metaspace       used 19393K, capacity 19902K, committed 20096K, reserved 1067008K
  class space    used 2219K, capacity 2383K, committed 2432K, reserved 1048576K
Event: 1.957 GC heap after
Heap after GC invocations=5 (full 0):
 PSYoungGen      total 70656K, used 5092K [0x00000000f5580000, 0x00000000ff080000, 0x0000000100000000)
  eden space 65536K, 0% used [0x00000000f5580000,0x00000000f5580000,0x00000000f9580000)
  from space 5120K, 99% used [0x00000000f9580000,0x00000000f9a793b0,0x00000000f9a80000)
  to   space 13824K, 0% used [0x00000000fe300000,0x00000000fe300000,0x00000000ff080000)
 ParOldGen       total 86016K, used 23260K [0x00000000e0000000, 0x00000000e5400000, 0x00000000f5580000)
  object space 86016K, 27% used [0x00000000e0000000,0x00000000e16b7270,0x00000000e5400000)
 Metaspace       used 19393K, capacity 19902K, committed 20096K, reserved 1067008K
  class space    used 2219K, capacity 2383K, committed 2432K, reserved 1048576K
}
Event: 2.136 GC heap before
{Heap before GC invocations=6 (full 0):
 PSYoungGen      total 70656K, used 21814K [0x00000000f5580000, 0x00000000ff080000, 0x0000000100000000)
  eden space 65536K, 25% used [0x00000000f5580000,0x00000000f65d4520,0x00000000f9580000)
  from space 5120K, 99% used [0x00000000f9580000,0x00000000f9a793b0,0x00000000f9a80000)
  to   space 13824K, 0% used [0x00000000fe300000,0x00000000fe300000,0x00000000ff080000)
 ParOldGen       total 86016K, used 23260K [0x00000000e0000000, 0x00000000e5400000, 0x00000000f5580000)
  object space 86016K, 27% used [0x00000000e0000000,0x00000000e16b7270,0x00000000e5400000)
 Metaspace       used 20283K, capacity 21153K, committed 21296K, reserved 1069056K
  class space    used 2389K, capacity 2608K, committed 2608K, reserved 1048576K
Event: 2.142 GC heap after
Heap after GC invocations=6 (full 0):
 PSYoungGen      total 144896K, used 6910K [0x00000000f5580000, 0x00000000ff080000, 0x0000000100000000)
  eden space 131072K, 0% used [0x00000000f5580000,0x00000000f5580000,0x00000000fd580000)
  from space 13824K, 49% used [0x00000000fe300000,0x00000000fe9bfab8,0x00000000ff080000)
  to   space 13824K, 0% used [0x00000000fd580000,0x00000000fd580000,0x00000000fe300000)
 ParOldGen       total 86016K, used 23268K [0x00000000e0000000, 0x00000000e5400000, 0x00000000f5580000)
  object space 86016K, 27% used [0x00000000e0000000,0x00000000e16b9270,0x00000000e5400000)
 Metaspace       used 20283K, capacity 21153K, committed 21296K, reserved 1069056K
  class space    used 2389K, capacity 2608K, committed 2608K, reserved 1048576K
}
Event: 2.142 GC heap before
{Heap before GC invocations=7 (full 1):
 PSYoungGen      total 144896K, used 6910K [0x00000000f5580000, 0x00000000ff080000, 0x0000000100000000)
  eden space 131072K, 0% used [0x00000000f5580000,0x00000000f5580000,0x00000000fd580000)
  from space 13824K, 49% used [0x00000000fe300000,0x00000000fe9bfab8,0x00000000ff080000)
  to   space 13824K, 0% used [0x00000000fd580000,0x00000000fd580000,0x00000000fe300000)
 ParOldGen       total 86016K, used 23268K [0x00000000e0000000, 0x00000000e5400000, 0x00000000f5580000)
  object space 86016K, 27% used [0x00000000e0000000,0x00000000e16b9270,0x00000000e5400000)
 Metaspace       used 20283K, capacity 21153K, committed 21296K, reserved 1069056K
  class space    used 2389K, capacity 2608K, committed 2608K, reserved 1048576K
Event: 2.183 GC heap after
Heap after GC invocations=7 (full 1):
 PSYoungGen      total 144896K, used 0K [0x00000000f5580000, 0x00000000ff080000, 0x0000000100000000)
  eden space 131072K, 0% used [0x00000000f5580000,0x00000000f5580000,0x00000000fd580000)
  from space 13824K, 0% used [0x00000000fe300000,0x00000000fe300000,0x00000000ff080000)
  to   space 13824K, 0% used [0x00000000fd580000,0x00000000fd580000,0x00000000fe300000)
 ParOldGen       total 79872K, used 22429K [0x00000000e0000000, 0x00000000e4e00000, 0x00000000f5580000)
  object space 79872K, 28% used [0x00000000e0000000,0x00000000e15e7400,0x00000000e4e00000)
 Metaspace       used 20283K, capacity 21153K, committed 21296K, reserved 1069056K
  class space    used 2389K, capacity 2608K, committed 2608K, reserved 1048576K
}
Event: 3.257 GC heap before
{Heap before GC invocations=8 (full 1):
 PSYoungGen      total 144896K, used 131072K [0x00000000f5580000, 0x00000000ff080000, 0x0000000100000000)
  eden space 131072K, 100% used [0x00000000f5580000,0x00000000fd580000,0x00000000fd580000)
  from space 13824K, 0% used [0x00000000fe300000,0x00000000fe300000,0x00000000ff080000)
  to   space 13824K, 0% used [0x00000000fd580000,0x00000000fd580000,0x00000000fe300000)
 ParOldGen       total 79872K, used 22429K [0x00000000e0000000, 0x00000000e4e00000, 0x00000000f5580000)
  object space 79872K, 28% used [0x00000000e0000000,0x00000000e15e7400,0x00000000e4e00000)
 Metaspace       used 26084K, capacity 27085K, committed 27440K, reserved 1073152K
  class space    used 3105K, capacity 3339K, committed 3376K, reserved 1048576K
Event: 3.274 GC heap after
Heap after GC invocations=8 (full 1):
 PSYoungGen      total 144896K, used 13823K [0x00000000f5580000, 0x0000000100000000, 0x0000000100000000)
  eden space 131072K, 0% used [0x00000000f5580000,0x00000000f5580000,0x00000000fd580000)
  from space 13824K, 99% used [0x00000000fd580000,0x00000000fe2ffc00,0x00000000fe300000)
  to   space 16896K, 0% used [0x00000000fef80000,0x00000000fef80000,0x0000000100000000)
 ParOldGen       total 79872K, used 25763K [0x00000000e0000000, 0x00000000e4e00000, 0x00000000f5580000)
  object space 79872K, 32% used [0x00000000e0000000,0x00000000e1928e10,0x00000000e4e00000)
 Metaspace       used 26084K, capacity 27085K, committed 27440K, reserved 1073152K
  class space    used 3105K, capacity 3339K, committed 3376K, reserved 1048576K
}

