# JRE version: Java(TM) SE Runtime Environment (8.0_291-b10) (build 1.8.0_291-b10)
# Java VM: Java HotSpot(TM) 64-Bit Server VM (25.291-b10 mixed mode windows-amd64 compressed oops)
Heap:
 PSYoungGen      total 142336K, used 65831K [0x00000000f5580000, 0x0000000100000000, 0x0000000100000000)
  eden space 120320K, 36% used [0x00000000f5580000,0x00000000f8050510,0x00000000fcb00000)
  from space 22016K, 99% used [0x00000000fea80000,0x00000000ffff9ac8,0x0000000100000000)
  to   space 27136K, 0% used [0x00000000fcb00000,0x00000000fcb00000,0x00000000fe580000)
 ParOldGen       total 81408K, used 23424K [0x00000000e0000000, 0x00000000e4f80000, 0x00000000f5580000)
  object space 81408K, 28% used [0x00000000e0000000,0x00000000e16e01a0,0x00000000e4f80000)
 Metaspace       used 32507K, capacity 33995K, committed 34096K, reserved 1079296K
  class space    used 4041K, capacity 4392K, committed 4400K, reserved 1048576K
GC Heap History (10 events):
Event: 1.841 GC heap before
{Heap before GC invocations=5 (full 0):
 PSYoungGen      total 70656K, used 70629K [0x00000000f5580000, 0x00000000f9f80000, 0x0000000100000000)
  eden space 65536K, 100% used [0x00000000f5580000,0x00000000f9580000,0x00000000f9580000)
  from space 5120K, 99% used [0x00000000f9a80000,0x00000000f9f797a8,0x00000000f9f80000)
  to   space 5120K, 0% used [0x00000000f9580000,0x00000000f9580000,0x00000000f9a80000)
 ParOldGen       total 86016K, used 19699K [0x00000000e0000000, 0x00000000e5400000, 0x00000000f5580000)
  object space 86016K, 22% used [0x00000000e0000000,0x00000000e133cc18,0x00000000e5400000)
 Metaspace       used 19316K, capacity 19750K, committed 20096K, reserved 1067008K
  class space    used 2207K, capacity 2315K, committed 2432K, reserved 1048576K
Event: 1.853 GC heap after
Heap after GC invocations=5 (full 0):
 PSYoungGen      total 70656K, used 5108K [0x00000000f5580000, 0x00000000ffd80000, 0x0000000100000000)
  eden space 65536K, 0% used [0x00000000f5580000,0x00000000f5580000,0x00000000f9580000)
  from space 5120K, 99% used [0x00000000f9580000,0x00000000f9a7d2a8,0x00000000f9a80000)
  to   space 20480K, 0% used [0x00000000fe980000,0x00000000fe980000,0x00000000ffd80000)
 ParOldGen       total 86016K, used 35915K [0x00000000e0000000, 0x00000000e5400000, 0x00000000f5580000)
  object space 86016K, 41% used [0x00000000e0000000,0x00000000e2312ec8,0x00000000e5400000)
 Metaspace       used 19316K, capacity 19750K, committed 20096K, reserved 1067008K
  class space    used 2207K, capacity 2315K, committed 2432K, reserved 1048576K
}
Event: 2.037 GC heap before
{Heap before GC invocations=6 (full 0):
 PSYoungGen      total 70656K, used 21699K [0x00000000f5580000, 0x00000000ffd80000, 0x0000000100000000)
  eden space 65536K, 25% used [0x00000000f5580000,0x00000000f65b3be8,0x00000000f9580000)
  from space 5120K, 99% used [0x00000000f9580000,0x00000000f9a7d2a8,0x00000000f9a80000)
  to   space 20480K, 0% used [0x00000000fe980000,0x00000000fe980000,0x00000000ffd80000)
 ParOldGen       total 86016K, used 35915K [0x00000000e0000000, 0x00000000e5400000, 0x00000000f5580000)
  object space 86016K, 41% used [0x00000000e0000000,0x00000000e2312ec8,0x00000000e5400000)
 Metaspace       used 20282K, capacity 21153K, committed 21296K, reserved 1069056K
  class space    used 2386K, capacity 2608K, committed 2608K, reserved 1048576K
Event: 2.045 GC heap after
Heap after GC invocations=6 (full 0):
 PSYoungGen      total 151552K, used 7454K [0x00000000f5580000, 0x00000000ffd80000, 0x0000000100000000)
  eden space 131072K, 0% used [0x00000000f5580000,0x00000000f5580000,0x00000000fd580000)
  from space 20480K, 36% used [0x00000000fe980000,0x00000000ff0c7bd0,0x00000000ffd80000)
  to   space 20480K, 0% used [0x00000000fd580000,0x00000000fd580000,0x00000000fe980000)
 ParOldGen       total 86016K, used 35923K [0x00000000e0000000, 0x00000000e5400000, 0x00000000f5580000)
  object space 86016K, 41% used [0x00000000e0000000,0x00000000e2314ec8,0x00000000e5400000)
 Metaspace       used 20282K, capacity 21153K, committed 21296K, reserved 1069056K
  class space    used 2386K, capacity 2608K, committed 2608K, reserved 1048576K
}
Event: 2.045 GC heap before
{Heap before GC invocations=7 (full 1):
 PSYoungGen      total 151552K, used 7454K [0x00000000f5580000, 0x00000000ffd80000, 0x0000000100000000)
  eden space 131072K, 0% used [0x00000000f5580000,0x00000000f5580000,0x00000000fd580000)
  from space 20480K, 36% used [0x00000000fe980000,0x00000000ff0c7bd0,0x00000000ffd80000)
  to   space 20480K, 0% used [0x00000000fd580000,0x00000000fd580000,0x00000000fe980000)
 ParOldGen       total 86016K, used 35923K [0x00000000e0000000, 0x00000000e5400000, 0x00000000f5580000)
  object space 86016K, 41% used [0x00000000e0000000,0x00000000e2314ec8,0x00000000e5400000)
 Metaspace       used 20282K, capacity 21153K, committed 21296K, reserved 1069056K
  class space    used 2386K, capacity 2608K, committed 2608K, reserved 1048576K
Event: 2.084 GC heap after
Heap after GC invocations=7 (full 1):
 PSYoungGen      total 151552K, used 0K [0x00000000f5580000, 0x00000000ffd80000, 0x0000000100000000)
  eden space 131072K, 0% used [0x00000000f5580000,0x00000000f5580000,0x00000000fd580000)
  from space 20480K, 0% used [0x00000000fe980000,0x00000000fe980000,0x00000000ffd80000)
  to   space 20480K, 0% used [0x00000000fd580000,0x00000000fd580000,0x00000000fe980000)
 ParOldGen       total 81408K, used 19403K [0x00000000e0000000, 0x00000000e4f80000, 0x00000000f5580000)
  object space 81408K, 23% used [0x00000000e0000000,0x00000000e12f2f20,0x00000000e4f80000)
 Metaspace       used 20282K, capacity 21153K, committed 21296K, reserved 1069056K
  class space    used 2386K, capacity 2608K, committed 2608K, reserved 1048576K
}
Event: 3.121 GC heap before
{Heap before GC invocations=8 (full 1):
 PSYoungGen      total 151552K, used 131072K [0x00000000f5580000, 0x00000000ffd80000, 0x0000000100000000)
  eden space 131072K, 100% used [0x00000000f5580000,0x00000000fd580000,0x00000000fd580000)
  from space 20480K, 0% used [0x00000000fe980000,0x00000000fe980000,0x00000000ffd80000)
  to   space 20480K, 0% used [0x00000000fd580000,0x00000000fd580000,0x00000000fe980000)
 ParOldGen       total 81408K, used 19403K [0x00000000e0000000, 0x00000000e4f80000, 0x00000000f5580000)
  object space 81408K, 23% used [0x00000000e0000000,0x00000000e12f2f20,0x00000000e4f80000)
 Metaspace       used 26425K, capacity 27437K, committed 27696K, reserved 1073152K
  class space    used 3145K, capacity 3371K, committed 3376K, reserved 1048576K
Event: 3.131 GC heap after
Heap after GC invocations=8 (full 1):
 PSYoungGen      total 151552K, used 17361K [0x00000000f5580000, 0x0000000100000000, 0x0000000100000000)
  eden space 131072K, 0% used [0x00000000f5580000,0x00000000f5580000,0x00000000fd580000)
  from space 20480K, 84% used [0x00000000fd580000,0x00000000fe674418,0x00000000fe980000)
  to   space 22016K, 0% used [0x00000000fea80000,0x00000000fea80000,0x0000000100000000)
 ParOldGen       total 81408K, used 19411K [0x00000000e0000000, 0x00000000e4f80000, 0x00000000f5580000)
  object space 81408K, 23% used [0x00000000e0000000,0x00000000e12f4f20,0x00000000e4f80000)
 Metaspace       used 26425K, capacity 27437K, committed 27696K, reserved 1073152K
  class space    used 3145K, capacity 3371K, committed 3376K, reserved 1048576K
}
Event: 4.769 GC heap before
{Heap before GC invocations=9 (full 1):
 PSYoungGen      total 151552K, used 148433K [0x00000000f5580000, 0x0000000100000000, 0x0000000100000000)
  eden space 131072K, 100% used [0x00000000f5580000,0x00000000fd580000,0x00000000fd580000)
  from space 20480K, 84% used [0x00000000fd580000,0x00000000fe674418,0x00000000fe980000)
  to   space 22016K, 0% used [0x00000000fea80000,0x00000000fea80000,0x0000000100000000)
 ParOldGen       total 81408K, used 19411K [0x00000000e0000000, 0x00000000e4f80000, 0x00000000f5580000)
  object space 81408K, 23% used [0x00000000e0000000,0x00000000e12f4f20,0x00000000e4f80000)
 Metaspace       used 31557K, capacity 32997K, committed 33200K, reserved 1079296K
  class space    used 3887K, capacity 4231K, committed 4272K, reserved 1048576K
Event: 4.780 GC heap after
Heap after GC invocations=9 (full 1):
 PSYoungGen      total 142336K, used 21990K [0x00000000f5580000, 0x0000000100000000, 0x0000000100000000)
  eden space 120320K, 0% used [0x00000000f5580000,0x00000000f5580000,0x00000000fcb00000)
  from space 22016K, 99% used [0x00000000fea80000,0x00000000ffff9ac8,0x0000000100000000)
  to   space 27136K, 0% used [0x00000000fcb00000,0x00000000fcb00000,0x00000000fe580000)
 ParOldGen       total 81408K, used 23424K [0x00000000e0000000, 0x00000000e4f80000, 0x00000000f5580000)
  object space 81408K, 28% used [0x00000000e0000000,0x00000000e16e01a0,0x00000000e4f80000)
 Metaspace       used 31557K, capacity 32997K, committed 33200K, reserved 1079296K
  class space    used 3887K, capacity 4231K, committed 4272K, reserved 1048576K
}

