# JRE version: Java(TM) SE Runtime Environment (8.0_291-b10) (build 1.8.0_291-b10)
# Java VM: Java HotSpot(TM) 64-Bit Server VM (25.291-b10 mixed mode windows-amd64 compressed oops)
Heap:
 PSYoungGen      total 120320K, used 42017K [0x00000000f5580000, 0x0000000100000000, 0x0000000100000000)
  eden space 96256K, 18% used [0x00000000f5580000,0x00000000f67429a8,0x00000000fb380000)
  from space 24064K, 99% used [0x00000000fb500000,0x00000000fcc45d78,0x00000000fcc80000)
  to   space 39424K, 0% used [0x00000000fd980000,0x00000000fd980000,0x0000000100000000)
 ParOldGen       total 214016K, used 90757K [0x00000000e0000000, 0x00000000ed100000, 0x00000000f5580000)
  object space 214016K, 42% used [0x00000000e0000000,0x00000000e58a1460,0x00000000ed100000)
 Metaspace       used 78306K, capacity 83214K, committed 83544K, reserved 1122304K
  class space    used 10348K, capacity 11274K, committed 11352K, reserved 1048576K
GC Heap History (10 events):
Event: 13886.900 GC heap before
{Heap before GC invocations=36 (full 3):
 PSYoungGen      total 144896K, used 144869K [0x00000000f5580000, 0x0000000100000000, 0x0000000100000000)
  eden space 123392K, 100% used [0x00000000f5580000,0x00000000fce00000,0x00000000fce00000)
  from space 21504K, 99% used [0x00000000feb00000,0x00000000ffff9628,0x0000000100000000)
  to   space 25600K, 0% used [0x00000000fce00000,0x00000000fce00000,0x00000000fe700000)
 ParOldGen       total 214016K, used 88333K [0x00000000e0000000, 0x00000000ed100000, 0x00000000f5580000)
  object space 214016K, 41% used [0x00000000e0000000,0x00000000e5643660,0x00000000ed100000)
 Metaspace       used 77325K, capacity 82216K, committed 82520K, reserved 1120256K
  class space    used 10318K, capacity 11229K, committed 11352K, reserved 1048576K
Event: 13886.985 GC heap after
Heap after GC invocations=36 (full 3):
 PSYoungGen      total 145920K, used 24196K [0x00000000f5580000, 0x0000000100000000, 0x0000000100000000)
  eden space 121344K, 0% used [0x00000000f5580000,0x00000000f5580000,0x00000000fcc00000)
  from space 24576K, 98% used [0x00000000fce00000,0x00000000fe5a13b0,0x00000000fe600000)
  to   space 26624K, 0% used [0x00000000fe600000,0x00000000fe600000,0x0000000100000000)
 ParOldGen       total 214016K, used 89373K [0x00000000e0000000, 0x00000000ed100000, 0x00000000f5580000)
  object space 214016K, 41% used [0x00000000e0000000,0x00000000e57476e0,0x00000000ed100000)
 Metaspace       used 77325K, capacity 82216K, committed 82520K, reserved 1120256K
  class space    used 10318K, capacity 11229K, committed 11352K, reserved 1048576K
}
Event: 14523.879 GC heap before
{Heap before GC invocations=37 (full 3):
 PSYoungGen      total 145920K, used 145540K [0x00000000f5580000, 0x0000000100000000, 0x0000000100000000)
  eden space 121344K, 100% used [0x00000000f5580000,0x00000000fcc00000,0x00000000fcc00000)
  from space 24576K, 98% used [0x00000000fce00000,0x00000000fe5a13b0,0x00000000fe600000)
  to   space 26624K, 0% used [0x00000000fe600000,0x00000000fe600000,0x0000000100000000)
 ParOldGen       total 214016K, used 89373K [0x00000000e0000000, 0x00000000ed100000, 0x00000000f5580000)
  object space 214016K, 41% used [0x00000000e0000000,0x00000000e57476e0,0x00000000ed100000)
 Metaspace       used 77662K, capacity 82564K, committed 82776K, reserved 1120256K
  class space    used 10331K, capacity 11253K, committed 11352K, reserved 1048576K
Event: 14523.951 GC heap after
Heap after GC invocations=37 (full 3):
 PSYoungGen      total 133632K, used 26602K [0x00000000f5580000, 0x0000000100000000, 0x0000000100000000)
  eden space 107008K, 0% used [0x00000000f5580000,0x00000000f5580000,0x00000000fbe00000)
  from space 26624K, 99% used [0x00000000fe600000,0x00000000ffffa8c8,0x0000000100000000)
  to   space 33792K, 0% used [0x00000000fbe00000,0x00000000fbe00000,0x00000000fdf00000)
 ParOldGen       total 214016K, used 90237K [0x00000000e0000000, 0x00000000ed100000, 0x00000000f5580000)
  object space 214016K, 42% used [0x00000000e0000000,0x00000000e581f460,0x00000000ed100000)
 Metaspace       used 77662K, capacity 82564K, committed 82776K, reserved 1120256K
  class space    used 10331K, capacity 11253K, committed 11352K, reserved 1048576K
}
Event: 14667.148 GC heap before
{Heap before GC invocations=38 (full 3):
 PSYoungGen      total 133632K, used 133610K [0x00000000f5580000, 0x0000000100000000, 0x0000000100000000)
  eden space 107008K, 100% used [0x00000000f5580000,0x00000000fbe00000,0x00000000fbe00000)
  from space 26624K, 99% used [0x00000000fe600000,0x00000000ffffa8c8,0x0000000100000000)
  to   space 33792K, 0% used [0x00000000fbe00000,0x00000000fbe00000,0x00000000fdf00000)
 ParOldGen       total 214016K, used 90237K [0x00000000e0000000, 0x00000000ed100000, 0x00000000f5580000)
  object space 214016K, 42% used [0x00000000e0000000,0x00000000e581f460,0x00000000ed100000)
 Metaspace       used 77952K, capacity 82942K, committed 83032K, reserved 1120256K
  class space    used 10345K, capacity 11272K, committed 11352K, reserved 1048576K
Event: 14667.198 GC heap after
Heap after GC invocations=38 (full 3):
 PSYoungGen      total 129536K, used 23973K [0x00000000f5580000, 0x0000000100000000, 0x0000000100000000)
  eden space 105472K, 0% used [0x00000000f5580000,0x00000000f5580000,0x00000000fbc80000)
  from space 24064K, 99% used [0x00000000fbe00000,0x00000000fd569550,0x00000000fd580000)
  to   space 35840K, 0% used [0x00000000fdd00000,0x00000000fdd00000,0x0000000100000000)
 ParOldGen       total 214016K, used 90741K [0x00000000e0000000, 0x00000000ed100000, 0x00000000f5580000)
  object space 214016K, 42% used [0x00000000e0000000,0x00000000e589d460,0x00000000ed100000)
 Metaspace       used 77952K, capacity 82942K, committed 83032K, reserved 1120256K
  class space    used 10345K, capacity 11272K, committed 11352K, reserved 1048576K
}
Event: 14703.457 GC heap before
{Heap before GC invocations=39 (full 3):
 PSYoungGen      total 129536K, used 129445K [0x00000000f5580000, 0x0000000100000000, 0x0000000100000000)
  eden space 105472K, 100% used [0x00000000f5580000,0x00000000fbc80000,0x00000000fbc80000)
  from space 24064K, 99% used [0x00000000fbe00000,0x00000000fd569550,0x00000000fd580000)
  to   space 35840K, 0% used [0x00000000fdd00000,0x00000000fdd00000,0x0000000100000000)
 ParOldGen       total 214016K, used 90741K [0x00000000e0000000, 0x00000000ed100000, 0x00000000f5580000)
  object space 214016K, 42% used [0x00000000e0000000,0x00000000e589d460,0x00000000ed100000)
 Metaspace       used 78083K, capacity 83080K, committed 83288K, reserved 1122304K
  class space    used 10346K, capacity 11273K, committed 11352K, reserved 1048576K
Event: 14703.495 GC heap after
Heap after GC invocations=39 (full 3):
 PSYoungGen      total 133632K, used 26870K [0x00000000f5580000, 0x0000000100000000, 0x0000000100000000)
  eden space 97792K, 0% used [0x00000000f5580000,0x00000000f5580000,0x00000000fb500000)
  from space 35840K, 74% used [0x00000000fdd00000,0x00000000ff73d940,0x0000000100000000)
  to   space 38400K, 0% used [0x00000000fb500000,0x00000000fb500000,0x00000000fda80000)
 ParOldGen       total 214016K, used 90749K [0x00000000e0000000, 0x00000000ed100000, 0x00000000f5580000)
  object space 214016K, 42% used [0x00000000e0000000,0x00000000e589f460,0x00000000ed100000)
 Metaspace       used 78083K, capacity 83080K, committed 83288K, reserved 1122304K
  class space    used 10346K, capacity 11273K, committed 11352K, reserved 1048576K
}
Event: 14816.789 GC heap before
{Heap before GC invocations=40 (full 3):
 PSYoungGen      total 133632K, used 124662K [0x00000000f5580000, 0x0000000100000000, 0x0000000100000000)
  eden space 97792K, 100% used [0x00000000f5580000,0x00000000fb500000,0x00000000fb500000)
  from space 35840K, 74% used [0x00000000fdd00000,0x00000000ff73d940,0x0000000100000000)
  to   space 38400K, 0% used [0x00000000fb500000,0x00000000fb500000,0x00000000fda80000)
 ParOldGen       total 214016K, used 90749K [0x00000000e0000000, 0x00000000ed100000, 0x00000000f5580000)
  object space 214016K, 42% used [0x00000000e0000000,0x00000000e589f460,0x00000000ed100000)
 Metaspace       used 78256K, capacity 83150K, committed 83288K, reserved 1122304K
  class space    used 10347K, capacity 11274K, committed 11352K, reserved 1048576K
Event: 14816.815 GC heap after
Heap after GC invocations=40 (full 3):
 PSYoungGen      total 120320K, used 23831K [0x00000000f5580000, 0x0000000100000000, 0x0000000100000000)
  eden space 96256K, 0% used [0x00000000f5580000,0x00000000f5580000,0x00000000fb380000)
  from space 24064K, 99% used [0x00000000fb500000,0x00000000fcc45d78,0x00000000fcc80000)
  to   space 39424K, 0% used [0x00000000fd980000,0x00000000fd980000,0x0000000100000000)
 ParOldGen       total 214016K, used 90757K [0x00000000e0000000, 0x00000000ed100000, 0x00000000f5580000)
  object space 214016K, 42% used [0x00000000e0000000,0x00000000e58a1460,0x00000000ed100000)
 Metaspace       used 78256K, capacity 83150K, committed 83288K, reserved 1122304K
  class space    used 10347K, capacity 11274K, committed 11352K, reserved 1048576K
}

