# JRE version: Java(TM) SE Runtime Environment (8.0_291-b10) (build 1.8.0_291-b10)
# Java VM: Java HotSpot(TM) 64-Bit Server VM (25.291-b10 mixed mode windows-amd64 compressed oops)
Heap:
 PSYoungGen      total 117760K, used 17143K [0x00000000f5580000, 0x00000000fdc80000, 0x0000000100000000)
  eden space 99328K, 4% used [0x00000000f5580000,0x00000000f59ece10,0x00000000fb680000)
  from space 18432K, 68% used [0x00000000fca80000,0x00000000fd6d1158,0x00000000fdc80000)
  to   space 19456K, 0% used [0x00000000fb680000,0x00000000fb680000,0x00000000fc980000)
 ParOldGen       total 87040K, used 27918K [0x00000000e0000000, 0x00000000e5500000, 0x00000000f5580000)
  object space 87040K, 32% used [0x00000000e0000000,0x00000000e1b43a18,0x00000000e5500000)
 Metaspace       used 26508K, capacity 27532K, committed 27824K, reserved 1073152K
  class space    used 3155K, capacity 3402K, committed 3504K, reserved 1048576K
GC Heap History (10 events):
Event: 1.412 GC heap after
Heap after GC invocations=4 (full 0):
 PSYoungGen      total 70656K, used 5104K [0x00000000f5580000, 0x00000000f9f80000, 0x0000000100000000)
  eden space 65536K, 0% used [0x00000000f5580000,0x00000000f5580000,0x00000000f9580000)
  from space 5120K, 99% used [0x00000000f9a80000,0x00000000f9f7c030,0x00000000f9f80000)
  to   space 5120K, 0% used [0x00000000f9580000,0x00000000f9580000,0x00000000f9a80000)
 ParOldGen       total 86016K, used 21806K [0x00000000e0000000, 0x00000000e5400000, 0x00000000f5580000)
  object space 86016K, 25% used [0x00000000e0000000,0x00000000e154bae0,0x00000000e5400000)
 Metaspace       used 16483K, capacity 16694K, committed 16768K, reserved 1064960K
  class space    used 1821K, capacity 1911K, committed 1920K, reserved 1048576K
}
Event: 1.960 GC heap before
{Heap before GC invocations=5 (full 0):
 PSYoungGen      total 70656K, used 70640K [0x00000000f5580000, 0x00000000f9f80000, 0x0000000100000000)
  eden space 65536K, 100% used [0x00000000f5580000,0x00000000f9580000,0x00000000f9580000)
  from space 5120K, 99% used [0x00000000f9a80000,0x00000000f9f7c030,0x00000000f9f80000)
  to   space 5120K, 0% used [0x00000000f9580000,0x00000000f9580000,0x00000000f9a80000)
 ParOldGen       total 86016K, used 21806K [0x00000000e0000000, 0x00000000e5400000, 0x00000000f5580000)
  object space 86016K, 25% used [0x00000000e0000000,0x00000000e154bae0,0x00000000e5400000)
 Metaspace       used 19461K, capacity 19966K, committed 20096K, reserved 1067008K
  class space    used 2231K, capacity 2401K, committed 2432K, reserved 1048576K
Event: 1.977 GC heap after
Heap after GC invocations=5 (full 0):
 PSYoungGen      total 70656K, used 5088K [0x00000000f5580000, 0x00000000f9f80000, 0x0000000100000000)
  eden space 65536K, 0% used [0x00000000f5580000,0x00000000f5580000,0x00000000f9580000)
  from space 5120K, 99% used [0x00000000f9580000,0x00000000f9a78020,0x00000000f9a80000)
  to   space 5120K, 0% used [0x00000000f9a80000,0x00000000f9a80000,0x00000000f9f80000)
 ParOldGen       total 86016K, used 38424K [0x00000000e0000000, 0x00000000e5400000, 0x00000000f5580000)
  object space 86016K, 44% used [0x00000000e0000000,0x00000000e2586260,0x00000000e5400000)
 Metaspace       used 19461K, capacity 19966K, committed 20096K, reserved 1067008K
  class space    used 2231K, capacity 2401K, committed 2432K, reserved 1048576K
}
Event: 2.148 GC heap before
{Heap before GC invocations=6 (full 0):
 PSYoungGen      total 70656K, used 19761K [0x00000000f5580000, 0x00000000f9f80000, 0x0000000100000000)
  eden space 65536K, 22% used [0x00000000f5580000,0x00000000f63d4510,0x00000000f9580000)
  from space 5120K, 99% used [0x00000000f9580000,0x00000000f9a78020,0x00000000f9a80000)
  to   space 5120K, 0% used [0x00000000f9a80000,0x00000000f9a80000,0x00000000f9f80000)
 ParOldGen       total 86016K, used 38424K [0x00000000e0000000, 0x00000000e5400000, 0x00000000f5580000)
  object space 86016K, 44% used [0x00000000e0000000,0x00000000e2586260,0x00000000e5400000)
 Metaspace       used 20313K, capacity 21222K, committed 21296K, reserved 1069056K
  class space    used 2392K, capacity 2587K, committed 2608K, reserved 1048576K
Event: 2.154 GC heap after
Heap after GC invocations=6 (full 0):
 PSYoungGen      total 70656K, used 5088K [0x00000000f5580000, 0x00000000f9f80000, 0x0000000100000000)
  eden space 65536K, 0% used [0x00000000f5580000,0x00000000f5580000,0x00000000f9580000)
  from space 5120K, 99% used [0x00000000f9a80000,0x00000000f9f780f8,0x00000000f9f80000)
  to   space 5120K, 0% used [0x00000000f9580000,0x00000000f9580000,0x00000000f9a80000)
 ParOldGen       total 86016K, used 41539K [0x00000000e0000000, 0x00000000e5400000, 0x00000000f5580000)
  object space 86016K, 48% used [0x00000000e0000000,0x00000000e2890c58,0x00000000e5400000)
 Metaspace       used 20313K, capacity 21222K, committed 21296K, reserved 1069056K
  class space    used 2392K, capacity 2587K, committed 2608K, reserved 1048576K
}
Event: 2.154 GC heap before
{Heap before GC invocations=7 (full 1):
 PSYoungGen      total 70656K, used 5088K [0x00000000f5580000, 0x00000000f9f80000, 0x0000000100000000)
  eden space 65536K, 0% used [0x00000000f5580000,0x00000000f5580000,0x00000000f9580000)
  from space 5120K, 99% used [0x00000000f9a80000,0x00000000f9f780f8,0x00000000f9f80000)
  to   space 5120K, 0% used [0x00000000f9580000,0x00000000f9580000,0x00000000f9a80000)
 ParOldGen       total 86016K, used 41539K [0x00000000e0000000, 0x00000000e5400000, 0x00000000f5580000)
  object space 86016K, 48% used [0x00000000e0000000,0x00000000e2890c58,0x00000000e5400000)
 Metaspace       used 20313K, capacity 21222K, committed 21296K, reserved 1069056K
  class space    used 2392K, capacity 2587K, committed 2608K, reserved 1048576K
Event: 2.201 GC heap after
Heap after GC invocations=7 (full 1):
 PSYoungGen      total 70656K, used 0K [0x00000000f5580000, 0x00000000f9f80000, 0x0000000100000000)
  eden space 65536K, 0% used [0x00000000f5580000,0x00000000f5580000,0x00000000f9580000)
  from space 5120K, 0% used [0x00000000f9a80000,0x00000000f9a80000,0x00000000f9f80000)
  to   space 5120K, 0% used [0x00000000f9580000,0x00000000f9580000,0x00000000f9a80000)
 ParOldGen       total 87040K, used 22989K [0x00000000e0000000, 0x00000000e5500000, 0x00000000f5580000)
  object space 87040K, 26% used [0x00000000e0000000,0x00000000e1673710,0x00000000e5500000)
 Metaspace       used 20313K, capacity 21222K, committed 21296K, reserved 1069056K
  class space    used 2392K, capacity 2587K, committed 2608K, reserved 1048576K
}
Event: 2.840 GC heap before
{Heap before GC invocations=8 (full 1):
 PSYoungGen      total 70656K, used 65536K [0x00000000f5580000, 0x00000000f9f80000, 0x0000000100000000)
  eden space 65536K, 100% used [0x00000000f5580000,0x00000000f9580000,0x00000000f9580000)
  from space 5120K, 0% used [0x00000000f9a80000,0x00000000f9a80000,0x00000000f9f80000)
  to   space 5120K, 0% used [0x00000000f9580000,0x00000000f9580000,0x00000000f9a80000)
 ParOldGen       total 87040K, used 22989K [0x00000000e0000000, 0x00000000e5500000, 0x00000000f5580000)
  object space 87040K, 26% used [0x00000000e0000000,0x00000000e1673710,0x00000000e5500000)
 Metaspace       used 24064K, capacity 25110K, committed 25392K, reserved 1071104K
  class space    used 2835K, capacity 3109K, committed 3120K, reserved 1048576K
Event: 2.849 GC heap after
Heap after GC invocations=8 (full 1):
 PSYoungGen      total 70656K, used 5104K [0x00000000f5580000, 0x00000000fde80000, 0x0000000100000000)
  eden space 65536K, 0% used [0x00000000f5580000,0x00000000f5580000,0x00000000f9580000)
  from space 5120K, 99% used [0x00000000f9580000,0x00000000f9a7c020,0x00000000f9a80000)
  to   space 20480K, 0% used [0x00000000fca80000,0x00000000fca80000,0x00000000fde80000)
 ParOldGen       total 87040K, used 27910K [0x00000000e0000000, 0x00000000e5500000, 0x00000000f5580000)
  object space 87040K, 32% used [0x00000000e0000000,0x00000000e1b41a18,0x00000000e5500000)
 Metaspace       used 24064K, capacity 25110K, committed 25392K, reserved 1071104K
  class space    used 2835K, capacity 3109K, committed 3120K, reserved 1048576K
}
Event: 3.181 GC heap before
{Heap before GC invocations=9 (full 1):
 PSYoungGen      total 70656K, used 70640K [0x00000000f5580000, 0x00000000fde80000, 0x0000000100000000)
  eden space 65536K, 100% used [0x00000000f5580000,0x00000000f9580000,0x00000000f9580000)
  from space 5120K, 99% used [0x00000000f9580000,0x00000000f9a7c020,0x00000000f9a80000)
  to   space 20480K, 0% used [0x00000000fca80000,0x00000000fca80000,0x00000000fde80000)
 ParOldGen       total 87040K, used 27910K [0x00000000e0000000, 0x00000000e5500000, 0x00000000f5580000)
  object space 87040K, 32% used [0x00000000e0000000,0x00000000e1b41a18,0x00000000e5500000)
 Metaspace       used 26472K, capacity 27500K, committed 27696K, reserved 1073152K
  class space    used 3147K, capacity 3370K, committed 3376K, reserved 1048576K

