# JRE version: Java(TM) SE Runtime Environment (8.0_291-b10) (build 1.8.0_291-b10)
# Java VM: Java HotSpot(TM) 64-Bit Server VM (25.291-b10 mixed mode windows-amd64 compressed oops)
Heap:
 PSYoungGen      total 150016K, used 25356K [0x00000000f5580000, 0x0000000100000000, 0x0000000100000000)
  eden space 125440K, 20% used [0x00000000f5580000,0x00000000f6e43058,0x00000000fd000000)
  from space 24576K, 0% used [0x00000000fd000000,0x00000000fd000000,0x00000000fe800000)
  to   space 24576K, 0% used [0x00000000fe800000,0x00000000fe800000,0x0000000100000000)
 ParOldGen       total 146432K, used 62917K [0x00000000e0000000, 0x00000000e8f00000, 0x00000000f5580000)
  object space 146432K, 42% used [0x00000000e0000000,0x00000000e3d716e8,0x00000000e8f00000)
 Metaspace       used 34790K, capacity 36638K, committed 36776K, reserved 1081344K
  class space    used 4377K, capacity 4781K, committed 4864K, reserved 1048576K
GC Heap History (10 events):
Event: 2.230 GC heap before
{Heap before GC invocations=7 (full 1):
 PSYoungGen      total 146944K, used 7172K [0x00000000f5580000, 0x00000000ff680000, 0x0000000100000000)
  eden space 130560K, 0% used [0x00000000f5580000,0x00000000f5580000,0x00000000fd500000)
  from space 16384K, 43% used [0x00000000fe580000,0x00000000fec813b0,0x00000000ff580000)
  to   space 16896K, 0% used [0x00000000fd500000,0x00000000fd500000,0x00000000fe580000)
 ParOldGen       total 86016K, used 31892K [0x00000000e0000000, 0x00000000e5400000, 0x00000000f5580000)
  object space 86016K, 37% used [0x00000000e0000000,0x00000000e1f25158,0x00000000e5400000)
 Metaspace       used 20284K, capacity 21168K, committed 21296K, reserved 1069056K
  class space    used 2391K, capacity 2612K, committed 2688K, reserved 1048576K
Event: 2.271 GC heap after
Heap after GC invocations=7 (full 1):
 PSYoungGen      total 146944K, used 0K [0x00000000f5580000, 0x00000000ff680000, 0x0000000100000000)
  eden space 130560K, 0% used [0x00000000f5580000,0x00000000f5580000,0x00000000fd500000)
  from space 16384K, 0% used [0x00000000fe580000,0x00000000fe580000,0x00000000ff580000)
  to   space 16896K, 0% used [0x00000000fd500000,0x00000000fd500000,0x00000000fe580000)
 ParOldGen       total 75776K, used 19010K [0x00000000e0000000, 0x00000000e4a00000, 0x00000000f5580000)
  object space 75776K, 25% used [0x00000000e0000000,0x00000000e1290bb0,0x00000000e4a00000)
 Metaspace       used 20284K, capacity 21168K, committed 21296K, reserved 1069056K
  class space    used 2391K, capacity 2612K, committed 2688K, reserved 1048576K
}
Event: 3.441 GC heap before
{Heap before GC invocations=8 (full 1):
 PSYoungGen      total 146944K, used 130560K [0x00000000f5580000, 0x00000000ff680000, 0x0000000100000000)
  eden space 130560K, 100% used [0x00000000f5580000,0x00000000fd500000,0x00000000fd500000)
  from space 16384K, 0% used [0x00000000fe580000,0x00000000fe580000,0x00000000ff580000)
  to   space 16896K, 0% used [0x00000000fd500000,0x00000000fd500000,0x00000000fe580000)
 ParOldGen       total 75776K, used 19010K [0x00000000e0000000, 0x00000000e4a00000, 0x00000000f5580000)
  object space 75776K, 25% used [0x00000000e0000000,0x00000000e1290bb0,0x00000000e4a00000)
 Metaspace       used 26328K, capacity 27372K, committed 27520K, reserved 1073152K
  class space    used 3136K, capacity 3370K, committed 3456K, reserved 1048576K
Event: 3.456 GC heap after
Heap after GC invocations=8 (full 1):
 PSYoungGen      total 147456K, used 16885K [0x00000000f5580000, 0x0000000100000000, 0x0000000100000000)
  eden space 130560K, 0% used [0x00000000f5580000,0x00000000f5580000,0x00000000fd500000)
  from space 16896K, 99% used [0x00000000fd500000,0x00000000fe57d470,0x00000000fe580000)
  to   space 18944K, 0% used [0x00000000fed80000,0x00000000fed80000,0x0000000100000000)
 ParOldGen       total 75776K, used 19311K [0x00000000e0000000, 0x00000000e4a00000, 0x00000000f5580000)
  object space 75776K, 25% used [0x00000000e0000000,0x00000000e12dbf58,0x00000000e4a00000)
 Metaspace       used 26328K, capacity 27372K, committed 27520K, reserved 1073152K
  class space    used 3136K, capacity 3370K, committed 3456K, reserved 1048576K
}
Event: 5.030 GC heap before
{Heap before GC invocations=9 (full 1):
 PSYoungGen      total 147456K, used 147445K [0x00000000f5580000, 0x0000000100000000, 0x0000000100000000)
  eden space 130560K, 100% used [0x00000000f5580000,0x00000000fd500000,0x00000000fd500000)
  from space 16896K, 99% used [0x00000000fd500000,0x00000000fe57d470,0x00000000fe580000)
  to   space 18944K, 0% used [0x00000000fed80000,0x00000000fed80000,0x0000000100000000)
 ParOldGen       total 75776K, used 19311K [0x00000000e0000000, 0x00000000e4a00000, 0x00000000f5580000)
  object space 75776K, 25% used [0x00000000e0000000,0x00000000e12dbf58,0x00000000e4a00000)
 Metaspace       used 31630K, capacity 33124K, committed 33280K, reserved 1079296K
  class space    used 3896K, capacity 4230K, committed 4352K, reserved 1048576K
Event: 5.044 GC heap after
Heap after GC invocations=9 (full 1):
 PSYoungGen      total 144384K, used 18928K [0x00000000f5580000, 0x0000000100000000, 0x0000000100000000)
  eden space 125440K, 0% used [0x00000000f5580000,0x00000000f5580000,0x00000000fd000000)
  from space 18944K, 99% used [0x00000000fed80000,0x00000000ffffc090,0x0000000100000000)
  to   space 24576K, 0% used [0x00000000fd000000,0x00000000fd000000,0x00000000fe800000)
 ParOldGen       total 75776K, used 26697K [0x00000000e0000000, 0x00000000e4a00000, 0x00000000f5580000)
  object space 75776K, 35% used [0x00000000e0000000,0x00000000e1a12678,0x00000000e4a00000)
 Metaspace       used 31630K, capacity 33124K, committed 33280K, reserved 1079296K
  class space    used 3896K, capacity 4230K, committed 4352K, reserved 1048576K
}
Event: 6.970 GC heap before
{Heap before GC invocations=10 (full 1):
 PSYoungGen      total 144384K, used 105034K [0x00000000f5580000, 0x0000000100000000, 0x0000000100000000)
  eden space 125440K, 68% used [0x00000000f5580000,0x00000000fa996a58,0x00000000fd000000)
  from space 18944K, 99% used [0x00000000fed80000,0x00000000ffffc090,0x0000000100000000)
  to   space 24576K, 0% used [0x00000000fd000000,0x00000000fd000000,0x00000000fe800000)
 ParOldGen       total 75776K, used 26697K [0x00000000e0000000, 0x00000000e4a00000, 0x00000000f5580000)
  object space 75776K, 35% used [0x00000000e0000000,0x00000000e1a12678,0x00000000e4a00000)
 Metaspace       used 33869K, capacity 35420K, committed 35496K, reserved 1081344K
  class space    used 4244K, capacity 4592K, committed 4608K, reserved 1048576K
Event: 7.013 GC heap after
Heap after GC invocations=10 (full 1):
 PSYoungGen      total 150016K, used 24560K [0x00000000f5580000, 0x0000000100000000, 0x0000000100000000)
  eden space 125440K, 0% used [0x00000000f5580000,0x00000000f5580000,0x00000000fd000000)
  from space 24576K, 99% used [0x00000000fd000000,0x00000000fe7fc080,0x00000000fe800000)
  to   space 24576K, 0% used [0x00000000fe800000,0x00000000fe800000,0x0000000100000000)
 ParOldGen       total 75776K, used 44771K [0x00000000e0000000, 0x00000000e4a00000, 0x00000000f5580000)
  object space 75776K, 59% used [0x00000000e0000000,0x00000000e2bb8c08,0x00000000e4a00000)
 Metaspace       used 33869K, capacity 35420K, committed 35496K, reserved 1081344K
  class space    used 4244K, capacity 4592K, committed 4608K, reserved 1048576K
}
Event: 7.013 GC heap before
{Heap before GC invocations=11 (full 2):
 PSYoungGen      total 150016K, used 24560K [0x00000000f5580000, 0x0000000100000000, 0x0000000100000000)
  eden space 125440K, 0% used [0x00000000f5580000,0x00000000f5580000,0x00000000fd000000)
  from space 24576K, 99% used [0x00000000fd000000,0x00000000fe7fc080,0x00000000fe800000)
  to   space 24576K, 0% used [0x00000000fe800000,0x00000000fe800000,0x0000000100000000)
 ParOldGen       total 75776K, used 44771K [0x00000000e0000000, 0x00000000e4a00000, 0x00000000f5580000)
  object space 75776K, 59% used [0x00000000e0000000,0x00000000e2bb8c08,0x00000000e4a00000)
 Metaspace       used 33869K, capacity 35420K, committed 35496K, reserved 1081344K
  class space    used 4244K, capacity 4592K, committed 4608K, reserved 1048576K
Event: 7.138 GC heap after
Heap after GC invocations=11 (full 2):
 PSYoungGen      total 150016K, used 0K [0x00000000f5580000, 0x0000000100000000, 0x0000000100000000)
  eden space 125440K, 0% used [0x00000000f5580000,0x00000000f5580000,0x00000000fd000000)
  from space 24576K, 0% used [0x00000000fd000000,0x00000000fd000000,0x00000000fe800000)
  to   space 24576K, 0% used [0x00000000fe800000,0x00000000fe800000,0x0000000100000000)
 ParOldGen       total 146432K, used 62917K [0x00000000e0000000, 0x00000000e8f00000, 0x00000000f5580000)
  object space 146432K, 42% used [0x00000000e0000000,0x00000000e3d716e8,0x00000000e8f00000)
 Metaspace       used 33869K, capacity 35420K, committed 35496K, reserved 1081344K
  class space    used 4244K, capacity 4592K, committed 4608K, reserved 1048576K
}

