# JRE version: Java(TM) SE Runtime Environment (8.0_291-b10) (build 1.8.0_291-b10)
# Java VM: Java HotSpot(TM) 64-Bit Server VM (25.291-b10 mixed mode windows-amd64 compressed oops)
Heap:
 PSYoungGen      total 150528K, used 27368K [0x00000000f5580000, 0x00000000ffb80000, 0x0000000100000000)
  eden space 131072K, 7% used [0x00000000f5580000,0x00000000f5f34040,0x00000000fd580000)
  from space 19456K, 89% used [0x00000000fd580000,0x00000000fe686190,0x00000000fe880000)
  to   space 19456K, 0% used [0x00000000fe880000,0x00000000fe880000,0x00000000ffb80000)
 ParOldGen       total 82944K, used 22219K [0x00000000e0000000, 0x00000000e5100000, 0x00000000f5580000)
  object space 82944K, 26% used [0x00000000e0000000,0x00000000e15b2e60,0x00000000e5100000)
 Metaspace       used 26607K, capacity 27633K, committed 27824K, reserved 1073152K
  class space    used 3171K, capacity 3435K, committed 3504K, reserved 1048576K
GC Heap History (10 events):
Event: 1.562 GC heap before
{Heap before GC invocations=4 (full 0):
 PSYoungGen      total 37888K, used 37860K [0x00000000f5580000, 0x00000000f9f80000, 0x0000000100000000)
  eden space 32768K, 100% used [0x00000000f5580000,0x00000000f7580000,0x00000000f7580000)
  from space 5120K, 99% used [0x00000000f7580000,0x00000000f7a792d8,0x00000000f7a80000)
  to   space 5120K, 0% used [0x00000000f9a80000,0x00000000f9a80000,0x00000000f9f80000)
 ParOldGen       total 86016K, used 12474K [0x00000000e0000000, 0x00000000e5400000, 0x00000000f5580000)
  object space 86016K, 14% used [0x00000000e0000000,0x00000000e0c2e918,0x00000000e5400000)
 Metaspace       used 16457K, capacity 16694K, committed 16768K, reserved 1064960K
  class space    used 1820K, capacity 1911K, committed 1920K, reserved 1048576K
Event: 1.567 GC heap after
Heap after GC invocations=4 (full 0):
 PSYoungGen      total 70656K, used 5092K [0x00000000f5580000, 0x00000000f9f80000, 0x0000000100000000)
  eden space 65536K, 0% used [0x00000000f5580000,0x00000000f5580000,0x00000000f9580000)
  from space 5120K, 99% used [0x00000000f9a80000,0x00000000f9f792d8,0x00000000f9f80000)
  to   space 5120K, 0% used [0x00000000f9580000,0x00000000f9580000,0x00000000f9a80000)
 ParOldGen       total 86016K, used 15404K [0x00000000e0000000, 0x00000000e5400000, 0x00000000f5580000)
  object space 86016K, 17% used [0x00000000e0000000,0x00000000e0f0b050,0x00000000e5400000)
 Metaspace       used 16457K, capacity 16694K, committed 16768K, reserved 1064960K
  class space    used 1820K, capacity 1911K, committed 1920K, reserved 1048576K
}
Event: 2.071 GC heap before
{Heap before GC invocations=5 (full 0):
 PSYoungGen      total 70656K, used 70628K [0x00000000f5580000, 0x00000000f9f80000, 0x0000000100000000)
  eden space 65536K, 100% used [0x00000000f5580000,0x00000000f9580000,0x00000000f9580000)
  from space 5120K, 99% used [0x00000000f9a80000,0x00000000f9f792d8,0x00000000f9f80000)
  to   space 5120K, 0% used [0x00000000f9580000,0x00000000f9580000,0x00000000f9a80000)
 ParOldGen       total 86016K, used 15404K [0x00000000e0000000, 0x00000000e5400000, 0x00000000f5580000)
  object space 86016K, 17% used [0x00000000e0000000,0x00000000e0f0b050,0x00000000e5400000)
 Metaspace       used 19414K, capacity 19912K, committed 20096K, reserved 1067008K
  class space    used 2221K, capacity 2386K, committed 2432K, reserved 1048576K
Event: 2.086 GC heap after
Heap after GC invocations=5 (full 0):
 PSYoungGen      total 70656K, used 5108K [0x00000000f5580000, 0x00000000ffb80000, 0x0000000100000000)
  eden space 65536K, 0% used [0x00000000f5580000,0x00000000f5580000,0x00000000f9580000)
  from space 5120K, 99% used [0x00000000f9580000,0x00000000f9a7d3a0,0x00000000f9a80000)
  to   space 19456K, 0% used [0x00000000fe880000,0x00000000fe880000,0x00000000ffb80000)
 ParOldGen       total 86016K, used 32149K [0x00000000e0000000, 0x00000000e5400000, 0x00000000f5580000)
  object space 86016K, 37% used [0x00000000e0000000,0x00000000e1f655d8,0x00000000e5400000)
 Metaspace       used 19414K, capacity 19912K, committed 20096K, reserved 1067008K
  class space    used 2221K, capacity 2386K, committed 2432K, reserved 1048576K
}
Event: 2.265 GC heap before
{Heap before GC invocations=6 (full 0):
 PSYoungGen      total 70656K, used 20660K [0x00000000f5580000, 0x00000000ffb80000, 0x0000000100000000)
  eden space 65536K, 23% used [0x00000000f5580000,0x00000000f64afe78,0x00000000f9580000)
  from space 5120K, 99% used [0x00000000f9580000,0x00000000f9a7d3a0,0x00000000f9a80000)
  to   space 19456K, 0% used [0x00000000fe880000,0x00000000fe880000,0x00000000ffb80000)
 ParOldGen       total 86016K, used 32149K [0x00000000e0000000, 0x00000000e5400000, 0x00000000f5580000)
  object space 86016K, 37% used [0x00000000e0000000,0x00000000e1f655d8,0x00000000e5400000)
 Metaspace       used 20281K, capacity 21153K, committed 21296K, reserved 1069056K
  class space    used 2389K, capacity 2608K, committed 2608K, reserved 1048576K
Event: 2.280 GC heap after
Heap after GC invocations=6 (full 0):
 PSYoungGen      total 150528K, used 7246K [0x00000000f5580000, 0x00000000ffb80000, 0x0000000100000000)
  eden space 131072K, 0% used [0x00000000f5580000,0x00000000f5580000,0x00000000fd580000)
  from space 19456K, 37% used [0x00000000fe880000,0x00000000fef93ac8,0x00000000ffb80000)
  to   space 19456K, 0% used [0x00000000fd580000,0x00000000fd580000,0x00000000fe880000)
 ParOldGen       total 86016K, used 32149K [0x00000000e0000000, 0x00000000e5400000, 0x00000000f5580000)
  object space 86016K, 37% used [0x00000000e0000000,0x00000000e1f655d8,0x00000000e5400000)
 Metaspace       used 20281K, capacity 21153K, committed 21296K, reserved 1069056K
  class space    used 2389K, capacity 2608K, committed 2608K, reserved 1048576K
}
Event: 2.280 GC heap before
{Heap before GC invocations=7 (full 1):
 PSYoungGen      total 150528K, used 7246K [0x00000000f5580000, 0x00000000ffb80000, 0x0000000100000000)
  eden space 131072K, 0% used [0x00000000f5580000,0x00000000f5580000,0x00000000fd580000)
  from space 19456K, 37% used [0x00000000fe880000,0x00000000fef93ac8,0x00000000ffb80000)
  to   space 19456K, 0% used [0x00000000fd580000,0x00000000fd580000,0x00000000fe880000)
 ParOldGen       total 86016K, used 32149K [0x00000000e0000000, 0x00000000e5400000, 0x00000000f5580000)
  object space 86016K, 37% used [0x00000000e0000000,0x00000000e1f655d8,0x00000000e5400000)
 Metaspace       used 20281K, capacity 21153K, committed 21296K, reserved 1069056K
  class space    used 2389K, capacity 2608K, committed 2608K, reserved 1048576K
Event: 2.337 GC heap after
Heap after GC invocations=7 (full 1):
 PSYoungGen      total 150528K, used 0K [0x00000000f5580000, 0x00000000ffb80000, 0x0000000100000000)
  eden space 131072K, 0% used [0x00000000f5580000,0x00000000f5580000,0x00000000fd580000)
  from space 19456K, 0% used [0x00000000fe880000,0x00000000fe880000,0x00000000ffb80000)
  to   space 19456K, 0% used [0x00000000fd580000,0x00000000fd580000,0x00000000fe880000)
 ParOldGen       total 82944K, used 22211K [0x00000000e0000000, 0x00000000e5100000, 0x00000000f5580000)
  object space 82944K, 26% used [0x00000000e0000000,0x00000000e15b0e60,0x00000000e5100000)
 Metaspace       used 20281K, capacity 21153K, committed 21296K, reserved 1069056K
  class space    used 2389K, capacity 2608K, committed 2608K, reserved 1048576K
}
Event: 3.485 GC heap before
{Heap before GC invocations=8 (full 1):
 PSYoungGen      total 150528K, used 131072K [0x00000000f5580000, 0x00000000ffb80000, 0x0000000100000000)
  eden space 131072K, 100% used [0x00000000f5580000,0x00000000fd580000,0x00000000fd580000)
  from space 19456K, 0% used [0x00000000fe880000,0x00000000fe880000,0x00000000ffb80000)
  to   space 19456K, 0% used [0x00000000fd580000,0x00000000fd580000,0x00000000fe880000)
 ParOldGen       total 82944K, used 22211K [0x00000000e0000000, 0x00000000e5100000, 0x00000000f5580000)
  object space 82944K, 26% used [0x00000000e0000000,0x00000000e15b0e60,0x00000000e5100000)
 Metaspace       used 26465K, capacity 27441K, committed 27696K, reserved 1073152K
  class space    used 3151K, capacity 3371K, committed 3376K, reserved 1048576K
Event: 3.506 GC heap after
Heap after GC invocations=8 (full 1):
 PSYoungGen      total 150528K, used 17432K [0x00000000f5580000, 0x00000000ffb80000, 0x0000000100000000)
  eden space 131072K, 0% used [0x00000000f5580000,0x00000000f5580000,0x00000000fd580000)
  from space 19456K, 89% used [0x00000000fd580000,0x00000000fe686190,0x00000000fe880000)
  to   space 19456K, 0% used [0x00000000fe880000,0x00000000fe880000,0x00000000ffb80000)
 ParOldGen       total 82944K, used 22219K [0x00000000e0000000, 0x00000000e5100000, 0x00000000f5580000)
  object space 82944K, 26% used [0x00000000e0000000,0x00000000e15b2e60,0x00000000e5100000)
 Metaspace       used 26465K, capacity 27441K, committed 27696K, reserved 1073152K
  class space    used 3151K, capacity 3371K, committed 3376K, reserved 1048576K
}

